\BOOKMARK [1][-]{section.1}{Introduction}{}% 1
\BOOKMARK [2][-]{subsection.1.1}{Goal}{section.1}% 2
\BOOKMARK [2][-]{subsection.1.2}{Development in a real time setting}{section.1}% 3
\BOOKMARK [2][-]{subsection.1.3}{Gsuite - A need to simplify the UI}{section.1}% 4
\BOOKMARK [2][-]{subsection.1.4}{Requirement specifications}{section.1}% 5
\BOOKMARK [2][-]{subsection.1.5}{Design choices}{section.1}% 6
\BOOKMARK [2][-]{subsection.1.6}{Challenges}{section.1}% 7
\BOOKMARK [2][-]{subsection.1.7}{Problem statement}{section.1}% 8
\BOOKMARK [2][-]{subsection.1.8}{Terminology}{section.1}% 9
\BOOKMARK [3][-]{subsubsection.1.8.1}{Acronyms}{subsection.1.8}% 10
\BOOKMARK [1][-]{section.2}{Background}{}% 11
\BOOKMARK [2][-]{subsection.2.1}{Web clients}{section.2}% 12
\BOOKMARK [2][-]{subsection.2.2}{Anticipated behavior in a web application}{section.2}% 13
\BOOKMARK [2][-]{subsection.2.3}{Single page application on top of server heavy page - A hack?}{section.2}% 14
\BOOKMARK [2][-]{subsection.2.4}{Storing state in the browser}{section.2}% 15
\BOOKMARK [2][-]{subsection.2.5}{Location.hash or models as driving appliBehaviourcation state}{section.2}% 16
\BOOKMARK [2][-]{subsection.2.6}{Communicating with the DOM}{section.2}% 17
\BOOKMARK [2][-]{subsection.2.7}{Strictly objects vs class structures}{section.2}% 18
\BOOKMARK [3][-]{subsubsection.2.7.1}{ECMA 5 vs ECMA 6}{subsection.2.7}% 19
\BOOKMARK [2][-]{subsection.2.8}{Using third party libraries or design from scratch?}{section.2}% 20
\BOOKMARK [1][-]{section.3}{Methodology}{}% 21
\BOOKMARK [2][-]{subsection.3.1}{Behavior driven development}{section.3}% 22
\BOOKMARK [3][-]{subsubsection.3.1.1}{Jasmine}{subsection.3.1}% 23
\BOOKMARK [2][-]{subsection.3.2}{Modularity}{section.3}% 24
\BOOKMARK [3][-]{subsubsection.3.2.1}{Browserify, taking Nodejs NPM module loading technology to the browser}{subsection.3.2}% 25
\BOOKMARK [1][-]{section.4}{Development}{}% 26
\BOOKMARK [2][-]{subsection.4.1}{Building blocks / Objects}{section.4}% 27
\BOOKMARK [3][-]{subsubsection.4.1.1}{Main}{subsection.4.1}% 28
\BOOKMARK [3][-]{subsubsection.4.1.2}{Prototypes}{subsection.4.1}% 29
\BOOKMARK [1][-]{section.5}{Discussion}{}% 30
\BOOKMARK [2][-]{subsection.5.1}{Specific or broad approach}{section.5}% 31
\BOOKMARK [1][-]{section.6}{Conclusion}{}% 32
\BOOKMARK [2][-]{subsection.6.1}{Thoughts on future development}{section.6}% 33
\BOOKMARK [1][-]{subsection.6.1}{Bibliography}{}% 34
